<?xml version="1.0" encoding="UTF-8"?>
<!-- Generated by org.testng.reporters.JUnitReportReporter -->
<testsuite hostname="ARJUN" name="com.myproject.first.Automationdemo1" tests="1" failures="0" timestamp="7 Feb 2017 08:55:32 GMT" time="19.824" errors="0">
  <testcase name="inputforms" time="19.824" classname="com.myproject.first.Automationdemo1"/>
</testsuite> <!-- com.myproject.first.Automationdemo1 -->
